Using pre-set license
Built from '2020.2/release' branch; Version is '2020.2.2f1 (068178b99f32) revision 426360'; Using compiler version '192528614'; Build Type 'Release'
OS: 'Windows 10 Home; OS build 19043.1237; Version 2009; 64bit' Language: 'ja' Physical Memory: 16282 MB
BatchMode: 1, IsHumanControllingUs: 0, StartBugReporterOnCrash: 0, Is64bit: 1, IsPro: 0

 COMMAND LINE ARGUMENTS:
C:\Program Files\Unity\Hub\Editor\2020.2.2f1\Editor\Unity.exe
-adb2
-batchMode
-noUpm
-name
AssetImportWorker1
-projectPath
C:/Unity/VROculusQuest/OculusQuest2Sterter
-logFile
Logs/AssetImportWorker1.log
-srvPort
52898
Successfully changed project path to: C:/Unity/VROculusQuest/OculusQuest2Sterter
C:/Unity/VROculusQuest/OculusQuest2Sterter
Using Asset Import Pipeline V2.
